<?xml version="1.0" encoding="UTF-8"?>
<!-- Generated by org.testng.reporters.JUnitReportReporter -->
<testsuite skipped="0" hostname="CBT-2F-301" name="com_ActiTime_Tests.FBTest" tests="1" failures="0" timestamp="2021-01-19T13:01:13 IST" time="10.723" errors="0">
  <testcase name="fBLogin" time="10.723" classname="com_ActiTime_Tests.FBTest"/>
</testsuite> <!-- com_ActiTime_Tests.FBTest -->
